TN:
SF:src/controller.js
FN:4,(anonymous_0)
FN:13,(anonymous_1)
FNF:2
FNH:1
FNDA:2,(anonymous_0)
FNDA:0,(anonymous_1)
DA:1,3
DA:3,3
DA:5,2
DA:6,2
DA:7,1
DA:9,1
DA:14,0
DA:15,0
DA:16,0
DA:18,0
DA:23,3
LF:11
LH:7
BRF:0
BRH:0
end_of_record
TN:
SF:src/index.js
FN:8,(anonymous_0)
FNF:1
FNH:0
FNDA:0,(anonymous_0)
DA:1,1
DA:2,1
DA:3,1
DA:5,1
DA:6,1
DA:8,1
DA:9,0
LF:7
LH:6
BRF:0
BRH:0
end_of_record
TN:
SF:src/router.js
FNF:0
FNH:0
DA:1,2
DA:3,2
DA:4,2
DA:6,2
DA:7,2
DA:9,2
LF:6
LH:6
BRF:0
BRH:0
end_of_record
TN:
SF:src/service.js
FN:6,(anonymous_0)
FN:15,(anonymous_1)
FNF:2
FNH:1
FNDA:2,(anonymous_0)
FNDA:0,(anonymous_1)
DA:1,4
DA:2,4
DA:3,4
DA:5,4
DA:7,2
DA:8,2
DA:9,1
DA:11,1
DA:16,0
DA:17,0
DA:18,0
DA:20,0
DA:25,4
LF:13
LH:9
BRF:0
BRH:0
end_of_record
TN:
SF:src/utils/config.js
FNF:0
FNH:0
DA:1,4
DA:7,4
LF:2
LH:2
BRF:0
BRH:0
end_of_record
TN:
SF:src/utils/utils.js
FN:3,(anonymous_0)
FNF:1
FNH:0
FNDA:0,(anonymous_0)
DA:1,4
DA:3,4
DA:5,4
LF:3
LH:3
BRF:0
BRH:0
end_of_record
