---------------|---------|----------|---------|---------|-------------------
File           | % Stmts | % Branch | % Funcs | % Lines | Uncovered Line #s
---------------|---------|----------|---------|---------|-------------------
All files      |   84.21 |       75 |   83.33 |   84.21 |
 abc           |   86.66 |      100 |      80 |   86.66 |
  client.ts    |     100 |      100 |     100 |     100 |
  responses.ts |      80 |      100 |   66.66 |      80 | 10-12
 def           |      75 |       50 |     100 |      75 |
  helpers.ts   |      75 |       50 |     100 |      75 | 5
---------------|---------|----------|---------|---------|-------------------
